<?xml version="1.0" encoding="UTF-8"?>
<testsuite name="adb.ADBTest" tests="28" skipped="0" failures="1" errors="0" timestamp="2016-01-21T21:08:50" hostname="afits-iMac-5.local" time="0.213">
  <properties/>
  <testcase name="testGetDevicesManufacturer" classname="adb.ADBTest" time="0.001"/>
  <testcase name="testClearAppsData" classname="adb.ADBTest" time="0.0"/>
  <testcase name="testGetInstalledPackages" classname="adb.ADBTest" time="0.0"/>
  <testcase name="testGetDevicesLanguageSettings" classname="adb.ADBTest" time="0.0"/>
  <testcase name="testRunCommand" classname="adb.ADBTest" time="0.205">
    <failure message="java.lang.RuntimeException: Failed to run command: adb devices! Caught exception: Cannot run program &quot;adb&quot;: error=2, No such file or directory" type="java.lang.RuntimeException">java.lang.RuntimeException: Failed to run command: adb devices! Caught exception: Cannot run program &quot;adb&quot;: error=2, No such file or directory
	at adb.ADB.runCommand(ADB.java:17)
	at adb.ADBTest.testRunCommand(ADBTest.java:11)
	at sun.reflect.NativeMethodAccessorImpl.invoke0(Native Method)
	at sun.reflect.NativeMethodAccessorImpl.invoke(NativeMethodAccessorImpl.java:62)
	at sun.reflect.DelegatingMethodAccessorImpl.invoke(DelegatingMethodAccessorImpl.java:43)
	at java.lang.reflect.Method.invoke(Method.java:497)
	at junit.framework.TestCase.runTest(TestCase.java:176)
	at junit.framework.TestCase.runBare(TestCase.java:141)
	at junit.framework.TestResult$1.protect(TestResult.java:122)
	at junit.framework.TestResult.runProtected(TestResult.java:142)
	at junit.framework.TestResult.run(TestResult.java:125)
	at junit.framework.TestCase.run(TestCase.java:129)
	at junit.framework.TestSuite.runTest(TestSuite.java:252)
	at junit.framework.TestSuite.run(TestSuite.java:247)
	at org.junit.internal.runners.JUnit38ClassRunner.run(JUnit38ClassRunner.java:86)
	at org.gradle.api.internal.tasks.testing.junit.JUnitTestClassExecuter.runTestClass(JUnitTestClassExecuter.java:86)
	at org.gradle.api.internal.tasks.testing.junit.JUnitTestClassExecuter.execute(JUnitTestClassExecuter.java:49)
	at org.gradle.api.internal.tasks.testing.junit.JUnitTestClassProcessor.processTestClass(JUnitTestClassProcessor.java:69)
	at org.gradle.api.internal.tasks.testing.SuiteTestClassProcessor.processTestClass(SuiteTestClassProcessor.java:48)
	at sun.reflect.NativeMethodAccessorImpl.invoke0(Native Method)
	at sun.reflect.NativeMethodAccessorImpl.invoke(NativeMethodAccessorImpl.java:62)
	at sun.reflect.DelegatingMethodAccessorImpl.invoke(DelegatingMethodAccessorImpl.java:43)
	at java.lang.reflect.Method.invoke(Method.java:497)
	at org.gradle.messaging.dispatch.ReflectionDispatch.dispatch(ReflectionDispatch.java:35)
	at org.gradle.messaging.dispatch.ReflectionDispatch.dispatch(ReflectionDispatch.java:24)
	at org.gradle.messaging.dispatch.ContextClassLoaderDispatch.dispatch(ContextClassLoaderDispatch.java:32)
	at org.gradle.messaging.dispatch.ProxyDispatchAdapter$DispatchingInvocationHandler.invoke(ProxyDispatchAdapter.java:93)
	at com.sun.proxy.$Proxy2.processTestClass(Unknown Source)
	at org.gradle.api.internal.tasks.testing.worker.TestWorker.processTestClass(TestWorker.java:105)
	at sun.reflect.NativeMethodAccessorImpl.invoke0(Native Method)
	at sun.reflect.NativeMethodAccessorImpl.invoke(NativeMethodAccessorImpl.java:62)
	at sun.reflect.DelegatingMethodAccessorImpl.invoke(DelegatingMethodAccessorImpl.java:43)
	at java.lang.reflect.Method.invoke(Method.java:497)
	at org.gradle.messaging.dispatch.ReflectionDispatch.dispatch(ReflectionDispatch.java:35)
	at org.gradle.messaging.dispatch.ReflectionDispatch.dispatch(ReflectionDispatch.java:24)
	at org.gradle.messaging.remote.internal.hub.MessageHub$Handler.run(MessageHub.java:360)
	at org.gradle.internal.concurrent.DefaultExecutorFactory$StoppableExecutorImpl$1.run(DefaultExecutorFactory.java:64)
	at java.util.concurrent.ThreadPoolExecutor.runWorker(ThreadPoolExecutor.java:1142)
	at java.util.concurrent.ThreadPoolExecutor$Worker.run(ThreadPoolExecutor.java:617)
	at java.lang.Thread.run(Thread.java:745)
</failure>
  </testcase>
  <testcase name="testGetDevicesModelID" classname="adb.ADBTest" time="0.001"/>
  <testcase name="testOpenAppsActivity" classname="adb.ADBTest" time="0.0"/>
  <testcase name="testRebootDevice" classname="adb.ADBTest" time="0.0"/>
  <testcase name="testGetDevicesAirPlaneMode" classname="adb.ADBTest" time="0.0"/>
  <testcase name="testGetAppVersionAsInt" classname="adb.ADBTest" time="0.0"/>
  <testcase name="testRebootDevice1" classname="adb.ADBTest" time="0.0"/>
  <testcase name="testClearLogBuffer" classname="adb.ADBTest" time="0.0"/>
  <testcase name="testGetDevicesWiFiMode" classname="adb.ADBTest" time="0.0"/>
  <testcase name="testGetAppName" classname="adb.ADBTest" time="0.001"/>
  <testcase name="testForceStopApp" classname="adb.ADBTest" time="0.0"/>
  <testcase name="testUninstallApp" classname="adb.ADBTest" time="0.0"/>
  <testcase name="testGetAppVersionAsString" classname="adb.ADBTest" time="0.0"/>
  <testcase name="testGetAnrFileLocation" classname="adb.ADBTest" time="0.0"/>
  <testcase name="testGetDevicesSerialNumber" classname="adb.ADBTest" time="0.0"/>
  <testcase name="testInstallApp" classname="adb.ADBTest" time="0.001"/>
  <testcase name="testGetConnectedDevices" classname="adb.ADBTest" time="0.0"/>
  <testcase name="testGetDevicesCellMode" classname="adb.ADBTest" time="0.0"/>
  <testcase name="testGetDevicesNetworkInterfaceStatus" classname="adb.ADBTest" time="0.0"/>
  <testcase name="testGetForegroundActivity" classname="adb.ADBTest" time="0.0"/>
  <testcase name="testGetDevicesModel" classname="adb.ADBTest" time="0.0"/>
  <testcase name="testGetAndroidVersionAsString" classname="adb.ADBTest" time="0.0"/>
  <testcase name="testGetAndroidVersionAsInt" classname="adb.ADBTest" time="0.0"/>
  <testcase name="testGetDevicesCarrier" classname="adb.ADBTest" time="0.0"/>
  <system-out><![CDATA[]]></system-out>
  <system-err><![CDATA[]]></system-err>
</testsuite>
